<?xml version="1.0" encoding="UTF-8"?>
<testng-results skipped="0" failed="0" total="1" passed="1">
  <reporter-output>
  </reporter-output>
  <suite name="Simple Chat Automation Suite" duration-ms="40608" started-at="2016-04-25T23:26:27Z" finished-at="2016-04-25T23:27:07Z">
    <groups>
    </groups>
    <test name="Simple Chat App" duration-ms="40608" started-at="2016-04-25T23:26:27Z" finished-at="2016-04-25T23:27:07Z">
      <class name="Client">
        <test-method status="PASS" signature="setUp()[pri:0, instance:Client@22f71333]" name="setUp" is-config="true" duration-ms="36720" started-at="2016-04-25T19:26:27Z" finished-at="2016-04-25T19:27:04Z">
          <reporter-output>
          </reporter-output>
        </test-method> <!-- setUp -->
        <test-method status="PASS" signature="testConversation()[pri:0, instance:Client@22f71333]" name="testConversation" duration-ms="3852" started-at="2016-04-25T19:27:04Z" finished-at="2016-04-25T19:27:07Z">
          <reporter-output>
          </reporter-output>
        </test-method> <!-- testConversation -->
        <test-method status="PASS" signature="clean()[pri:0, instance:Client@22f71333]" name="clean" is-config="true" duration-ms="25" started-at="2016-04-25T19:27:07Z" finished-at="2016-04-25T19:27:07Z">
          <reporter-output>
          </reporter-output>
        </test-method> <!-- clean -->
      </class> <!-- Client -->
    </test> <!-- Simple Chat App -->
  </suite> <!-- Simple Chat Automation Suite -->
</testng-results>
